# JRE version: OpenJDK Runtime Environment (Zulu 8.78.0.19-CA-win64) (8.0_412-b08) (build 1.8.0_412-b08)
# Java VM: OpenJDK 64-Bit Server VM (25.412-b08 mixed mode windows-amd64 compressed oops)
Heap:
 PSYoungGen      total 248832K, used 9573K [0x0000000740980000, 0x0000000750c80000, 0x00000007c0000000)
  eden space 232448K, 4% used [0x0000000740980000,0x00000007412d97d0,0x000000074ec80000)
  from space 16384K, 0% used [0x000000074fc80000,0x000000074fc80000,0x0000000750c80000)
  to   space 16384K, 0% used [0x000000074ec80000,0x000000074ec80000,0x000000074fc80000)
 ParOldGen       total 198656K, used 22484K [0x0000000641c00000, 0x000000064de00000, 0x0000000740980000)
  object space 198656K, 11% used [0x0000000641c00000,0x00000006431f50c0,0x000000064de00000)
 Metaspace       used 42605K, capacity 43565K, committed 43776K, reserved 1087488K
  class space    used 6110K, capacity 6374K, committed 6400K, reserved 1048576K
GC Heap History (10 events):
Event: 4.529 GC heap before
{Heap before GC invocations=25 (full 11):
 PSYoungGen      total 212992K, used 7564K [0x0000000740980000, 0x000000074e980000, 0x00000007c0000000)
  eden space 196608K, 3% used [0x0000000740980000,0x00000007410e3038,0x000000074c980000)
  from space 16384K, 0% used [0x000000074c980000,0x000000074c980000,0x000000074d980000)
  to   space 16384K, 0% used [0x000000074d980000,0x000000074d980000,0x000000074e980000)
 ParOldGen       total 198656K, used 16616K [0x0000000641c00000, 0x000000064de00000, 0x0000000740980000)
  object space 198656K, 8% used [0x0000000641c00000,0x0000000642c3a370,0x000000064de00000)
 Metaspace       used 30015K, capacity 30419K, committed 30848K, reserved 1075200K
  class space    used 3992K, capacity 4134K, committed 4224K, reserved 1048576K
Event: 4.530 GC heap after
Heap after GC invocations=25 (full 11):
 PSYoungGen      total 212992K, used 407K [0x0000000740980000, 0x0000000750c80000, 0x00000007c0000000)
  eden space 196608K, 0% used [0x0000000740980000,0x0000000740980000,0x000000074c980000)
  from space 16384K, 2% used [0x000000074d980000,0x000000074d9e5dd8,0x000000074e980000)
  to   space 16384K, 0% used [0x000000074c980000,0x000000074c980000,0x000000074d980000)
 ParOldGen       total 198656K, used 16624K [0x0000000641c00000, 0x000000064de00000, 0x0000000740980000)
  object space 198656K, 8% used [0x0000000641c00000,0x0000000642c3c370,0x000000064de00000)
 Metaspace       used 30015K, capacity 30419K, committed 30848K, reserved 1075200K
  class space    used 3992K, capacity 4134K, committed 4224K, reserved 1048576K
}
Event: 9.201 GC heap before
{Heap before GC invocations=26 (full 11):
 PSYoungGen      total 212992K, used 142820K [0x0000000740980000, 0x0000000750c80000, 0x00000007c0000000)
  eden space 196608K, 72% used [0x0000000740980000,0x0000000749493448,0x000000074c980000)
  from space 16384K, 2% used [0x000000074d980000,0x000000074d9e5dd8,0x000000074e980000)
  to   space 16384K, 0% used [0x000000074c980000,0x000000074c980000,0x000000074d980000)
 ParOldGen       total 198656K, used 16624K [0x0000000641c00000, 0x000000064de00000, 0x0000000740980000)
  object space 198656K, 8% used [0x0000000641c00000,0x0000000642c3c370,0x000000064de00000)
 Metaspace       used 42584K, capacity 43501K, committed 43776K, reserved 1087488K
  class space    used 6108K, capacity 6374K, committed 6400K, reserved 1048576K
Event: 9.213 GC heap after
Heap after GC invocations=26 (full 11):
 PSYoungGen      total 212992K, used 16127K [0x0000000740980000, 0x0000000750c80000, 0x00000007c0000000)
  eden space 196608K, 0% used [0x0000000740980000,0x0000000740980000,0x000000074c980000)
  from space 16384K, 98% used [0x000000074c980000,0x000000074d93fc10,0x000000074d980000)
  to   space 16384K, 0% used [0x000000074fc80000,0x000000074fc80000,0x0000000750c80000)
 ParOldGen       total 198656K, used 16632K [0x0000000641c00000, 0x000000064de00000, 0x0000000740980000)
  object space 198656K, 8% used [0x0000000641c00000,0x0000000642c3e370,0x000000064de00000)
 Metaspace       used 42584K, capacity 43501K, committed 43776K, reserved 1087488K
  class space    used 6108K, capacity 6374K, committed 6400K, reserved 1048576K
}
Event: 9.213 GC heap before
{Heap before GC invocations=27 (full 12):
 PSYoungGen      total 212992K, used 16127K [0x0000000740980000, 0x0000000750c80000, 0x00000007c0000000)
  eden space 196608K, 0% used [0x0000000740980000,0x0000000740980000,0x000000074c980000)
  from space 16384K, 98% used [0x000000074c980000,0x000000074d93fc10,0x000000074d980000)
  to   space 16384K, 0% used [0x000000074fc80000,0x000000074fc80000,0x0000000750c80000)
 ParOldGen       total 198656K, used 16632K [0x0000000641c00000, 0x000000064de00000, 0x0000000740980000)
  object space 198656K, 8% used [0x0000000641c00000,0x0000000642c3e370,0x000000064de00000)
 Metaspace       used 42584K, capacity 43501K, committed 43776K, reserved 1087488K
  class space    used 6108K, capacity 6374K, committed 6400K, reserved 1048576K
Event: 9.329 GC heap after
Heap after GC invocations=27 (full 12):
 PSYoungGen      total 212992K, used 0K [0x0000000740980000, 0x0000000750c80000, 0x00000007c0000000)
  eden space 196608K, 0% used [0x0000000740980000,0x0000000740980000,0x000000074c980000)
  from space 16384K, 0% used [0x000000074c980000,0x000000074c980000,0x000000074d980000)
  to   space 16384K, 0% used [0x000000074fc80000,0x000000074fc80000,0x0000000750c80000)
 ParOldGen       total 198656K, used 28844K [0x0000000641c00000, 0x000000064de00000, 0x0000000740980000)
  object space 198656K, 14% used [0x0000000641c00000,0x000000064382b0b8,0x000000064de00000)
 Metaspace       used 42584K, capacity 43501K, committed 43776K, reserved 1087488K
  class space    used 6108K, capacity 6374K, committed 6400K, reserved 1048576K
}
Event: 9.363 GC heap before
{Heap before GC invocations=28 (full 12):
 PSYoungGen      total 212992K, used 13175K [0x0000000740980000, 0x0000000750c80000, 0x00000007c0000000)
  eden space 196608K, 6% used [0x0000000740980000,0x000000074165dff8,0x000000074c980000)
  from space 16384K, 0% used [0x000000074c980000,0x000000074c980000,0x000000074d980000)
  to   space 16384K, 0% used [0x000000074fc80000,0x000000074fc80000,0x0000000750c80000)
 ParOldGen       total 198656K, used 28844K [0x0000000641c00000, 0x000000064de00000, 0x0000000740980000)
  object space 198656K, 14% used [0x0000000641c00000,0x000000064382b0b8,0x000000064de00000)
 Metaspace       used 42604K, capacity 43565K, committed 43776K, reserved 1087488K
  class space    used 6110K, capacity 6374K, committed 6400K, reserved 1048576K
Event: 9.364 GC heap after
Heap after GC invocations=28 (full 12):
 PSYoungGen      total 248832K, used 96K [0x0000000740980000, 0x0000000750c80000, 0x00000007c0000000)
  eden space 232448K, 0% used [0x0000000740980000,0x0000000740980000,0x000000074ec80000)
  from space 16384K, 0% used [0x000000074fc80000,0x000000074fc98000,0x0000000750c80000)
  to   space 16384K, 0% used [0x000000074ec80000,0x000000074ec80000,0x000000074fc80000)
 ParOldGen       total 198656K, used 28844K [0x0000000641c00000, 0x000000064de00000, 0x0000000740980000)
  object space 198656K, 14% used [0x0000000641c00000,0x000000064382b0b8,0x000000064de00000)
 Metaspace       used 42604K, capacity 43565K, committed 43776K, reserved 1087488K
  class space    used 6110K, capacity 6374K, committed 6400K, reserved 1048576K
}
Event: 9.364 GC heap before
{Heap before GC invocations=29 (full 13):
 PSYoungGen      total 248832K, used 96K [0x0000000740980000, 0x0000000750c80000, 0x00000007c0000000)
  eden space 232448K, 0% used [0x0000000740980000,0x0000000740980000,0x000000074ec80000)
  from space 16384K, 0% used [0x000000074fc80000,0x000000074fc98000,0x0000000750c80000)
  to   space 16384K, 0% used [0x000000074ec80000,0x000000074ec80000,0x000000074fc80000)
 ParOldGen       total 198656K, used 28844K [0x0000000641c00000, 0x000000064de00000, 0x0000000740980000)
  object space 198656K, 14% used [0x0000000641c00000,0x000000064382b0b8,0x000000064de00000)
 Metaspace       used 42604K, capacity 43565K, committed 43776K, reserved 1087488K
  class space    used 6110K, capacity 6374K, committed 6400K, reserved 1048576K
Event: 9.479 GC heap after
Heap after GC invocations=29 (full 13):
 PSYoungGen      total 248832K, used 0K [0x0000000740980000, 0x0000000750c80000, 0x00000007c0000000)
  eden space 232448K, 0% used [0x0000000740980000,0x0000000740980000,0x000000074ec80000)
  from space 16384K, 0% used [0x000000074fc80000,0x000000074fc80000,0x0000000750c80000)
  to   space 16384K, 0% used [0x000000074ec80000,0x000000074ec80000,0x000000074fc80000)
 ParOldGen       total 198656K, used 22484K [0x0000000641c00000, 0x000000064de00000, 0x0000000740980000)
  object space 198656K, 11% used [0x0000000641c00000,0x00000006431f50c0,0x000000064de00000)
 Metaspace       used 42604K, capacity 43565K, committed 43776K, reserved 1087488K
  class space    used 6110K, capacity 6374K, committed 6400K, reserved 1048576K
}

